<?xml version="1.0" encoding="UTF-8"?>
<testsuite name="ru.aplana.AcceptanceTestSuite" time="25.553" tests="7" errors="0" skipped="2" failures="0">
  <properties>
[...]
</properties>
  <testcase name="BeforeStories" classname="java.lang.Object" time="0.015"/>
  <testcase name="Given пользователь открывает главную станицу mail.ru" classname="ru.aplana.steps.DefinitionSteps" time="7.794"/>
  <testcase name="[PENDING] When пользователь вводит login: &apos;vladnaldin&apos; и password: &apos;crimetime111&apos;" classname="[PENDING] When пользователь вводит login: &apos;vladnaldin&apos; и password: &apos;crimetime111&apos;" time="0">
    <skipped/>
    <system-out><![CDATA[When ������������ ������ login: 'vladnaldin' � password: 'crimetime111' (PENDING)
]]></system-out>
    <system-err><![CDATA[[pool-1-thread-1] INFO net.serenitybdd.core.Serenity - TEST PENDING
]]></system-err>
  </testcase>
  <testcase name="Then происходит авторизация пользователя" classname="ru.aplana.steps.DefinitionSteps" time="0">
    <skipped/>
    <system-out><![CDATA[Then ���������� ����������� ������������ (NOT PERFORMED)
]]></system-out>
  </testcase>
  <testcase name="Scenario: Авторизация на Mail.ru и отправка нового письма с указанием получателя и темы." classname="Scenario: Авторизация на Mail.ru и отправка нового письма с указанием получателя и темы." time="8.269"/>
  <testcase name="LookupADefinition.story" classname="LookupADefinition.story" time="8.419"/>
  <testcase name="AfterStories" classname="java.lang.Object" time="1.056"/>
</testsuite>